2025-07-06 17:39:55,034 INFO    Thread-4 (_run_job):29020 [wandb_setup.py:_flush():67] Current SDK version is 0.19.9
2025-07-06 17:39:55,034 INFO    Thread-4 (_run_job):29020 [wandb_setup.py:_flush():67] Configure stats pid to 29020
2025-07-06 17:39:55,034 INFO    Thread-4 (_run_job):29020 [wandb_setup.py:_flush():67] Loading settings from /home/user/.config/wandb/settings
2025-07-06 17:39:55,034 INFO    Thread-4 (_run_job):29020 [wandb_setup.py:_flush():67] Loading settings from /home/user/jaehyun/S3CE/wandb/settings
2025-07-06 17:39:55,034 INFO    Thread-4 (_run_job):29020 [wandb_setup.py:_flush():67] Loading settings from environment variables
2025-07-06 17:39:55,034 INFO    Thread-4 (_run_job):29020 [wandb_init.py:setup_run_log_directory():662] Logging user logs to /home/user/jaehyun/S3CE/wandb/run-20250706_173955-s4e8qt0v/logs/debug.log
2025-07-06 17:39:55,035 INFO    Thread-4 (_run_job):29020 [wandb_init.py:setup_run_log_directory():663] Logging internal logs to /home/user/jaehyun/S3CE/wandb/run-20250706_173955-s4e8qt0v/logs/debug-internal.log
2025-07-06 17:39:55,035 INFO    Thread-4 (_run_job):29020 [wandb_init.py:init():781] calling init triggers
2025-07-06 17:39:55,035 INFO    Thread-4 (_run_job):29020 [wandb_init.py:init():786] wandb.init called with sweep_config: {'n_features_t': 3}
config: {'_wandb': {}}
2025-07-06 17:39:55,035 INFO    Thread-4 (_run_job):29020 [wandb_init.py:init():809] starting backend
2025-07-06 17:39:55,035 INFO    Thread-4 (_run_job):29020 [wandb_init.py:init():813] sending inform_init request
2025-07-06 17:39:55,044 INFO    Thread-4 (_run_job):29020 [backend.py:_multiprocessing_setup():101] multiprocessing start_methods=fork,spawn,forkserver, using: spawn
2025-07-06 17:39:55,044 INFO    Thread-4 (_run_job):29020 [wandb_init.py:init():823] backend started and connected
2025-07-06 17:39:55,045 INFO    Thread-4 (_run_job):29020 [wandb_run.py:_config_callback():1327] config_cb None None {'n_features_t': 3}
2025-07-06 17:39:55,046 INFO    Thread-4 (_run_job):29020 [wandb_init.py:init():915] updated telemetry
2025-07-06 17:39:55,061 INFO    Thread-4 (_run_job):29020 [wandb_init.py:init():939] communicating run to backend with 90.0 second timeout
2025-07-06 17:39:55,653 INFO    Thread-4 (_run_job):29020 [wandb_init.py:init():1014] starting run threads in backend
2025-07-06 17:39:55,792 INFO    Thread-4 (_run_job):29020 [wandb_run.py:_console_start():2454] atexit reg
2025-07-06 17:39:55,792 INFO    Thread-4 (_run_job):29020 [wandb_run.py:_redirect():2306] redirect: wrap_raw
2025-07-06 17:39:55,792 INFO    Thread-4 (_run_job):29020 [wandb_run.py:_redirect():2371] Wrapping output streams.
2025-07-06 17:39:55,793 INFO    Thread-4 (_run_job):29020 [wandb_run.py:_redirect():2394] Redirects installed.
2025-07-06 17:39:55,794 INFO    Thread-4 (_run_job):29020 [wandb_init.py:init():1056] run started, returning control to user process
2025-07-06 18:47:05,078 INFO    Thread-4 (_run_job):29020 [wandb_run.py:_finish():2189] finishing run jaehyonii-kwangwoon-university/S3CE_n_features_t_experiment/s4e8qt0v
2025-07-06 18:47:05,078 INFO    Thread-4 (_run_job):29020 [wandb_run.py:_atexit_cleanup():2419] got exitcode: 1
2025-07-06 18:47:05,078 INFO    Thread-4 (_run_job):29020 [wandb_run.py:_restore():2401] restore
2025-07-06 18:47:05,078 INFO    Thread-4 (_run_job):29020 [wandb_run.py:_restore():2407] restore done
2025-07-06 18:47:06,079 INFO    Thread-4 (_run_job):29020 [wandb_run.py:_restore():2401] restore
2025-07-06 18:47:06,080 INFO    Thread-4 (_run_job):29020 [wandb_run.py:_restore():2407] restore done
2025-07-06 18:47:06,080 ERROR   Thread-4 (_run_job):29020 [wandb_run.py:_atexit_cleanup():2440] Problem finishing run
Traceback (most recent call last):
  File "/home/user/jaehyun/S3CE/preprocess_tuning.py", line 32, in sweep
    subprocess.run(f"python train.py --testNum 20", shell=True)
    ~~~~~~~~~~~~~~^^^^^^^^^^^^^^^^^^^^^^^^^^^^^^^^^^^^^^^^^^^^^
  File "/home/user/anaconda3/envs/s3ce/lib/python3.13/subprocess.py", line 558, in run
    stdout, stderr = process.communicate(input, timeout=timeout)
                     ~~~~~~~~~~~~~~~~~~~^^^^^^^^^^^^^^^^^^^^^^^^
  File "/home/user/anaconda3/envs/s3ce/lib/python3.13/subprocess.py", line 1213, in communicate
    self.wait()
    ~~~~~~~~~^^
  File "/home/user/anaconda3/envs/s3ce/lib/python3.13/subprocess.py", line 1276, in wait
    return self._wait(timeout=timeout)
           ~~~~~~~~~~^^^^^^^^^^^^^^^^^
  File "/home/user/anaconda3/envs/s3ce/lib/python3.13/subprocess.py", line 2068, in _wait
    (pid, sts) = self._try_wait(0)
                 ~~~~~~~~~~~~~~^^^
  File "/home/user/anaconda3/envs/s3ce/lib/python3.13/subprocess.py", line 2026, in _try_wait
    (pid, sts) = os.waitpid(self.pid, wait_flags)
                 ~~~~~~~~~~^^^^^^^^^^^^^^^^^^^^^^
Exception

During handling of the above exception, another exception occurred:

Traceback (most recent call last):
  File "/home/user/anaconda3/envs/s3ce/lib/python3.13/site-packages/wandb/sdk/wandb_run.py", line 2431, in _atexit_cleanup
    self._on_finish()
    ~~~~~~~~~~~~~~~^^
  File "/home/user/anaconda3/envs/s3ce/lib/python3.13/site-packages/wandb/sdk/wandb_run.py", line 2690, in _on_finish
    wait_with_progress(
    ~~~~~~~~~~~~~~~~~~^
        exit_handle,
        ^^^^^^^^^^^^
    ...<5 lines>...
        ),
        ^^
    )
    ^
  File "/home/user/anaconda3/envs/s3ce/lib/python3.13/site-packages/wandb/sdk/mailbox/wait_with_progress.py", line 24, in wait_with_progress
    return wait_all_with_progress(
           ~~~~~~~~~~~~~~~~~~~~~~^
        [handle],
        ^^^^^^^^^
    ...<2 lines>...
        display_progress=display_progress,
        ^^^^^^^^^^^^^^^^^^^^^^^^^^^^^^^^^^
    )[0]
    ^
  File "/home/user/anaconda3/envs/s3ce/lib/python3.13/site-packages/wandb/sdk/mailbox/wait_with_progress.py", line 87, in wait_all_with_progress
    return asyncio_compat.run(progress_loop_with_timeout)
           ~~~~~~~~~~~~~~~~~~^^^^^^^^^^^^^^^^^^^^^^^^^^^^
  File "/home/user/anaconda3/envs/s3ce/lib/python3.13/site-packages/wandb/sdk/lib/asyncio_compat.py", line 25, in run
    with concurrent.futures.ThreadPoolExecutor(max_workers=1) as executor:
         ^^^^^^^^^^^^^^^^^^^^^^^^^^^^^^^^^^^^^
  File "/home/user/anaconda3/envs/s3ce/lib/python3.13/concurrent/futures/__init__.py", line 50, in __getattr__
    from .thread import ThreadPoolExecutor as te
  File "/home/user/anaconda3/envs/s3ce/lib/python3.13/concurrent/futures/thread.py", line 37, in <module>
    threading._register_atexit(_python_exit)
    ~~~~~~~~~~~~~~~~~~~~~~~~~~^^^^^^^^^^^^^^
  File "/home/user/anaconda3/envs/s3ce/lib/python3.13/threading.py", line 1503, in _register_atexit
    raise RuntimeError("can't register atexit after shutdown")
RuntimeError: can't register atexit after shutdown
2025-07-06 18:47:06,090 INFO    MsgRouterThr:29020 [mailbox.py:close():129] [no run ID] Closing mailbox, abandoning 2 handles.
